<?xml version="1.0" encoding="utf-8"?><testsuites><testsuite name="pytest" errors="0" failures="0" skipped="0" tests="4" time="0.072" timestamp="2024-07-20T16:42:59.808780" hostname="LAPTOP-CVG1E09R"><testcase classname="test_ugen" name="test_parse_record" time="0.001" /><testcase classname="test_ugen" name="test_create_username" time="0.001" /><testcase classname="test_ugen" name="test_process_input_files" time="0.029" /><testcase classname="test_ugen" name="test_process_input_files_with_incorrect_data" time="0.003" /></testsuite></testsuites>